{
"Synplify Pro (R) Job Log" : {
	"Date" : "22:28:10    02-Jan-2026",
	"Working Directory" : "/build/impl",
	"CDPL Log file" : "-",
	"Install" : "/home/dev/lscc/radiant/synpbase"
},
"impl" :{
   "Job Flow" : "Sequential",
   "Start Time" : "22:26:09",
   "Runtime" : "02m:01s",
   "Executable Run Time" : "02m:00s",
   "synthesis" : {
      "Job Flow" : "Sequential",
      "Start Time" : "22:26:09",
      "Runtime" : "02m:01s",
      "Executable Run Time" : "02m:00s",
      "compile" : {
         "Job Flow" : "Sequential",
         "Start Time" : "22:26:09",
         "Runtime" : "14s",
         "Executable Run Time" : "13s",
         "compile_flow" : {
            "Job Flow" : "Sequential",
            "Start Time" : "22:26:09",
            "Runtime" : "10s",
            "Executable Run Time" : "09s",
            "compiler" : {
               "executable" : "bin/c_hdl",
               "Run Directory" : "/build/impl",
               "Run State" : "Complete",
               "Return Code" : "0",
               "Run Success" : "yes",
               "Run Start Time" : "22:26:09",
               "Run Time" : "10s",
               "Exe Run Time" : "09s",
               "max_parallel_jobs" : "4",
               "Memory Usage" : "693.640000",
               "CDPL" : "off",
               "Up-to-date (run skipped)" : "no"
            },
            "multi_srs_gen" : {
               "executable" : "bin/syn_nfilter",
               "Run Directory" : "/build/impl",
               "Run State" : "Complete",
               "Return Code" : "0",
               "Run Success" : "yes",
               "Run Start Time" : "22:26:19",
               "Run Time" : "00s",
               "Exe Run Time" : "00s",
               "Memory Usage" : "693.640000",
               "CDPL" : "off",
               "Up-to-date (run skipped)" : "no"
            }
         },
         "premap" : {
            "executable" : "bin/m_gen_lattice",
            "Run Directory" : "/build/impl",
            "Run State" : "Complete",
            "Return Code" : "1",
            "Run Success" : "yes",
            "Run Start Time" : "22:26:19",
            "Run Time" : "04s",
            "Exe Run Time" : "04s",
            "max_parallel_jobs" : "4",
            "Memory Usage" : "693.648000",
            "CDPL" : "off",
            "Up-to-date (run skipped)" : "no"
         }
      },
      "map" : {
         "Job Flow" : "Sequential",
         "Start Time" : "22:26:23",
         "Runtime" : "01m:47s",
         "Executable Run Time" : "01m:47s",
         "fpga_mapper" : {
            "executable" : "bin/m_gen_lattice",
            "Run Directory" : "/build/impl",
            "Run State" : "Complete",
            "Return Code" : "1",
            "Run Success" : "yes",
            "Run Start Time" : "22:26:23",
            "Run Time" : "01m:47s",
            "Exe Run Time" : "01m:47s",
            "max_parallel_jobs" : "4",
            "Memory Usage" : "693.644000",
            "CDPL" : "off",
            "Up-to-date (run skipped)" : "no"
         }
      }
   }
}
}